[INFO] Scanning for projects...
[INFO] 
[INFO] ----------------------< com.increff:invoice-app >-----------------------
[INFO] Building invoice-app 0.0.1-SNAPSHOT
[INFO]   from pom.xml
[INFO] --------------------------------[ jar ]---------------------------------
[INFO] 
[INFO] >>> spring-boot:3.2.3:run (default-cli) > test-compile @ invoice-app >>>
[INFO] 
[INFO] --- jacoco:0.8.11:prepare-agent (default) @ invoice-app ---
[INFO] argLine set to -javaagent:/Users/abhisheksudhir/.m2/repository/org/jacoco/org.jacoco.agent/0.8.11/org.jacoco.agent-0.8.11-runtime.jar=destfile=/Users/abhisheksudhir/Downloads/POS_v2/invoice-app/target/jacoco.exec,excludes=**/controller/**:**/config/**:**/model/**:**/db/*Pojo.class:**/PosServerApplication.class
[INFO] 
[INFO] --- resources:3.3.1:resources (default-resources) @ invoice-app ---
[INFO] Copying 1 resource from src/main/resources to target/classes
[INFO] Copying 0 resource from src/main/resources to target/classes
[INFO] 
[INFO] --- compiler:3.11.0:compile (default-compile) @ invoice-app ---
[INFO] Nothing to compile - all classes are up to date
[INFO] 
[INFO] --- resources:3.3.1:testResources (default-testResources) @ invoice-app ---
[INFO] skip non existing resourceDirectory /Users/abhisheksudhir/Downloads/POS_v2/invoice-app/src/test/resources
[INFO] 
[INFO] --- compiler:3.11.0:testCompile (default-testCompile) @ invoice-app ---
[INFO] No sources to compile
[INFO] 
[INFO] <<< spring-boot:3.2.3:run (default-cli) < test-compile @ invoice-app <<<
[INFO] 
[INFO] 
[INFO] --- spring-boot:3.2.3:run (default-cli) @ invoice-app ---
[INFO] Attaching agents: []
Standard Commons Logging discovery in action with spring-jcl: please remove commons-logging.jar from classpath in order to avoid potential conflicts

  .   ____          _            __ _ _
 /\\ / ___'_ __ _ _(_)_ __  __ _ \ \ \ \
( ( )\___ | '_ | '_| | '_ \/ _` | \ \ \ \
 \\/  ___)| |_)| | | | | || (_| |  ) ) ) )
  '  |____| .__|_| |_|_| |_\__, | / / / /
 =========|_|==============|___/=/_/_/_/
 :: Spring Boot ::                (v3.2.3)

2026-02-07T18:09:19.669+05:30  INFO 57445 --- [invoice-service] [           main] com.increff.invoice.InvoiceApplication   : Starting InvoiceApplication using Java 21.0.9 with PID 57445 (/Users/abhisheksudhir/Downloads/POS_v2/invoice-app/target/classes started by abhisheksudhir in /Users/abhisheksudhir/Downloads/POS_v2/invoice-app)
2026-02-07T18:09:19.669+05:30  INFO 57445 --- [invoice-service] [           main] com.increff.invoice.InvoiceApplication   : No active profile set, falling back to 1 default profile: "default"
2026-02-07T18:09:19.848+05:30  INFO 57445 --- [invoice-service] [           main] .s.d.r.c.RepositoryConfigurationDelegate : Bootstrapping Spring Data MongoDB repositories in DEFAULT mode.
2026-02-07T18:09:19.851+05:30  INFO 57445 --- [invoice-service] [           main] .s.d.r.c.RepositoryConfigurationDelegate : Finished Spring Data repository scanning in 1 ms. Found 0 MongoDB repository interfaces.
2026-02-07T18:09:19.855+05:30  INFO 57445 --- [invoice-service] [           main] .s.d.r.c.RepositoryConfigurationDelegate : Bootstrapping Spring Data MongoDB repositories in DEFAULT mode.
2026-02-07T18:09:19.857+05:30  INFO 57445 --- [invoice-service] [           main] .s.d.r.c.RepositoryConfigurationDelegate : Finished Spring Data repository scanning in 1 ms. Found 0 MongoDB repository interfaces.
2026-02-07T18:09:20.101+05:30  INFO 57445 --- [invoice-service] [           main] o.s.b.w.embedded.tomcat.TomcatWebServer  : Tomcat initialized with port 8081 (http)
2026-02-07T18:09:20.106+05:30  INFO 57445 --- [invoice-service] [           main] o.apache.catalina.core.StandardService   : Starting service [Tomcat]
2026-02-07T18:09:20.106+05:30  INFO 57445 --- [invoice-service] [           main] o.apache.catalina.core.StandardEngine    : Starting Servlet engine: [Apache Tomcat/10.1.19]
2026-02-07T18:09:20.132+05:30  INFO 57445 --- [invoice-service] [           main] o.a.c.c.C.[Tomcat].[localhost].[/]       : Initializing Spring embedded WebApplicationContext
2026-02-07T18:09:20.132+05:30  INFO 57445 --- [invoice-service] [           main] w.s.c.ServletWebServerApplicationContext : Root WebApplicationContext: initialization completed in 445 ms
Standard Commons Logging discovery in action with spring-jcl: please remove commons-logging.jar from classpath in order to avoid potential conflicts
2026-02-07T18:09:20.371+05:30  WARN 57445 --- [invoice-service] [           main] .s.s.UserDetailsServiceAutoConfiguration : 

Using generated security password: 17164c11-7ecd-4de6-a250-2d2f4d6c41ec

This generated password is for development use only. Your security configuration must be updated before running your application in production.

2026-02-07T18:09:20.474+05:30  INFO 57445 --- [invoice-service] [           main] o.s.s.web.DefaultSecurityFilterChain     : Will secure any request with [org.springframework.security.web.session.DisableEncodeUrlFilter@4e7bc939, org.springframework.security.web.context.request.async.WebAsyncManagerIntegrationFilter@67b5e613, org.springframework.security.web.context.SecurityContextHolderFilter@30517a57, org.springframework.security.web.header.HeaderWriterFilter@49889154, org.springframework.web.filter.CorsFilter@6fc1a8f6, org.springframework.security.web.authentication.logout.LogoutFilter@77c23d90, org.springframework.security.web.savedrequest.RequestCacheAwareFilter@79ad1774, org.springframework.security.web.servletapi.SecurityContextHolderAwareRequestFilter@64f3ca6, org.springframework.security.web.authentication.AnonymousAuthenticationFilter@3095d401, org.springframework.security.web.access.ExceptionTranslationFilter@a826ff8, org.springframework.security.web.access.intercept.AuthorizationFilter@5eeee124]
2026-02-07T18:09:20.575+05:30  INFO 57445 --- [invoice-service] [           main] org.mongodb.driver.client                : MongoClient with metadata {"driver": {"name": "mongo-java-driver|sync|spring-boot", "version": "4.11.1"}, "os": {"type": "Darwin", "name": "Mac OS X", "architecture": "aarch64", "version": "26.2"}, "platform": "Java/Eclipse Adoptium/21.0.9+10-LTS"} created with settings MongoClientSettings{readPreference=primary, writeConcern=WriteConcern{w=null, wTimeout=null ms, journal=null}, retryWrites=true, retryReads=true, readConcern=ReadConcern{level=null}, credential=null, transportSettings=null, streamFactoryFactory=null, commandListeners=[], codecRegistry=ProvidersCodecRegistry{codecProviders=[ValueCodecProvider{}, BsonValueCodecProvider{}, DBRefCodecProvider{}, DBObjectCodecProvider{}, DocumentCodecProvider{}, CollectionCodecProvider{}, IterableCodecProvider{}, MapCodecProvider{}, GeoJsonCodecProvider{}, GridFSFileCodecProvider{}, Jsr310CodecProvider{}, JsonObjectCodecProvider{}, BsonCodecProvider{}, EnumCodecProvider{}, com.mongodb.client.model.mql.ExpressionCodecProvider@1acc873b, com.mongodb.Jep395RecordCodecProvider@4ca970d5, com.mongodb.KotlinCodecProvider@dc8b2ff]}, loggerSettings=LoggerSettings{maxDocumentLength=1000}, clusterSettings={hosts=[localhost:27017], srvServiceName=mongodb, mode=SINGLE, requiredClusterType=UNKNOWN, requiredReplicaSetName='null', serverSelector='null', clusterListeners='[]', serverSelectionTimeout='30000 ms', localThreshold='15 ms'}, socketSettings=SocketSettings{connectTimeoutMS=10000, readTimeoutMS=0, receiveBufferSize=0, proxySettings=ProxySettings{host=null, port=null, username=null, password=null}}, heartbeatSocketSettings=SocketSettings{connectTimeoutMS=10000, readTimeoutMS=10000, receiveBufferSize=0, proxySettings=ProxySettings{host=null, port=null, username=null, password=null}}, connectionPoolSettings=ConnectionPoolSettings{maxSize=100, minSize=0, maxWaitTimeMS=120000, maxConnectionLifeTimeMS=0, maxConnectionIdleTimeMS=0, maintenanceInitialDelayMS=0, maintenanceFrequencyMS=60000, connectionPoolListeners=[], maxConnecting=2}, serverSettings=ServerSettings{heartbeatFrequencyMS=10000, minHeartbeatFrequencyMS=500, serverListeners='[]', serverMonitorListeners='[]'}, sslSettings=SslSettings{enabled=false, invalidHostNameAllowed=false, context=null}, applicationName='null', compressorList=[], uuidRepresentation=JAVA_LEGACY, serverApi=null, autoEncryptionSettings=null, dnsClient=null, inetAddressResolver=null, contextProvider=null}
2026-02-07T18:09:20.599+05:30  INFO 57445 --- [invoice-service] [localhost:27017] org.mongodb.driver.cluster               : Monitor thread successfully connected to server with description ServerDescription{address=localhost:27017, type=STANDALONE, state=CONNECTED, ok=true, minWireVersion=0, maxWireVersion=21, maxDocumentSize=16777216, logicalSessionTimeoutMinutes=30, roundTripTimeNanos=9986708}
2026-02-07T18:09:20.631+05:30  INFO 57445 --- [invoice-service] [           main] o.s.b.w.embedded.tomcat.TomcatWebServer  : Tomcat started on port 8081 (http) with context path ''
2026-02-07T18:09:20.637+05:30  INFO 57445 --- [invoice-service] [           main] com.increff.invoice.InvoiceApplication   : Started InvoiceApplication in 1.114 seconds (process running for 1.249)
2026-02-07T18:10:02.365+05:30  INFO 57445 --- [invoice-service] [nio-8081-exec-1] o.a.c.c.C.[Tomcat].[localhost].[/]       : Initializing Spring DispatcherServlet 'dispatcherServlet'
2026-02-07T18:10:02.365+05:30  INFO 57445 --- [invoice-service] [nio-8081-exec-1] o.s.web.servlet.DispatcherServlet        : Initializing Servlet 'dispatcherServlet'
2026-02-07T18:10:02.367+05:30  INFO 57445 --- [invoice-service] [nio-8081-exec-1] o.s.web.servlet.DispatcherServlet        : Completed initialization in 2 ms
2026-02-07T18:10:02.426+05:30  INFO 57445 --- [invoice-service] [nio-8081-exec-1] com.increff.invoice.dto.InvoiceService   : Generating PDF for order: ORD-000041
2026-02-07T18:10:02.528+05:30  WARN 57445 --- [invoice-service] [nio-8081-exec-1] org.apache.fop.apps.FOUserAgent          : table-layout="fixed" and column-width unspecified => falling back to proportional-column-width(1) (See position 1:5756)
2026-02-07T18:10:02.561+05:30  WARN 57445 --- [invoice-service] [nio-8081-exec-1] org.apache.fop.apps.FOUserAgent          : Font "Helvetica,normal,600" not found. Substituting with "Helvetica,normal,700".
2026-02-07T18:10:02.577+05:30  WARN 57445 --- [invoice-service] [nio-8081-exec-1] org.apache.fop.apps.FOUserAgent          : The contents of fo:region-before on page 1 exceed the available area in the block-progression direction by 454 millipoints. (See position 1:641)
2026-02-07T18:10:02.617+05:30  INFO 57445 --- [invoice-service] [nio-8081-exec-1] org.apache.fop.apps.FOUserAgent          : Rendered page #1.
2026-02-07T18:10:02.620+05:30  INFO 57445 --- [invoice-service] [nio-8081-exec-1] com.increff.invoice.dto.InvoiceService   : Generated PDF (7503 bytes) for order: ORD-000041
