[INFO] Scanning for projects...
[INFO] 
[INFO] -----------------------< com.increff:pos-server >-----------------------
[INFO] Building pos-server 0.0.1-SNAPSHOT
[INFO]   from pom.xml
[INFO] --------------------------------[ jar ]---------------------------------
[INFO] 
[INFO] >>> spring-boot:3.2.3:run (default-cli) > test-compile @ pos-server >>>
[INFO] 
[INFO] --- jacoco:0.8.11:prepare-agent (default) @ pos-server ---
[INFO] argLine set to -javaagent:/Users/abhisheksudhir/.m2/repository/org/jacoco/org.jacoco.agent/0.8.11/org.jacoco.agent-0.8.11-runtime.jar=destfile=/Users/abhisheksudhir/Downloads/POS_v2/pos-server/target/jacoco.exec,excludes=**/controller/**:**/config/**:**/model/**:**/db/*Pojo.class:**/PosServerApplication.class
[INFO] 
[INFO] --- resources:3.3.1:resources (default-resources) @ pos-server ---
[INFO] Copying 1 resource from src/main/resources to target/classes
[INFO] Copying 0 resource from src/main/resources to target/classes
[INFO] 
[INFO] --- compiler:3.11.0:compile (default-compile) @ pos-server ---
[INFO] Nothing to compile - all classes are up to date
[INFO] 
[INFO] --- resources:3.3.1:testResources (default-testResources) @ pos-server ---
[INFO] Copying 1 resource from src/test/resources to target/test-classes
[INFO] 
[INFO] --- compiler:3.11.0:testCompile (default-testCompile) @ pos-server ---
[INFO] Nothing to compile - all classes are up to date
[INFO] 
[INFO] <<< spring-boot:3.2.3:run (default-cli) < test-compile @ pos-server <<<
[INFO] 
[INFO] 
[INFO] --- spring-boot:3.2.3:run (default-cli) @ pos-server ---
[INFO] Attaching agents: []
Standard Commons Logging discovery in action with spring-jcl: please remove commons-logging.jar from classpath in order to avoid potential conflicts

  .   ____          _            __ _ _
 /\\ / ___'_ __ _ _(_)_ __  __ _ \ \ \ \
( ( )\___ | '_ | '_| | '_ \/ _` | \ \ \ \
 \\/  ___)| |_)| | | | | || (_| |  ) ) ) )
  '  |____| .__|_| |_|_| |_\__, | / / / /
 =========|_|==============|___/=/_/_/_/
 :: Spring Boot ::                (v3.2.3)

2026-02-05T14:30:56.682+05:30  INFO 1303 --- [POS] [           main] com.increff.pos.config.SpringConfig      : Starting SpringConfig using Java 21.0.9 with PID 1303 (/Users/abhisheksudhir/Downloads/POS_v2/pos-server/target/classes started by abhisheksudhir in /Users/abhisheksudhir/Downloads/POS_v2/pos-server)
2026-02-05T14:30:56.684+05:30  INFO 1303 --- [POS] [           main] com.increff.pos.config.SpringConfig      : No active profile set, falling back to 1 default profile: "default"
2026-02-05T14:30:57.069+05:30  INFO 1303 --- [POS] [           main] .s.d.r.c.RepositoryConfigurationDelegate : Bootstrapping Spring Data MongoDB repositories in DEFAULT mode.
2026-02-05T14:30:57.096+05:30  INFO 1303 --- [POS] [           main] .s.d.r.c.RepositoryConfigurationDelegate : Finished Spring Data repository scanning in 23 ms. Found 3 MongoDB repository interfaces.
2026-02-05T14:30:57.507+05:30  INFO 1303 --- [POS] [           main] o.s.b.w.embedded.tomcat.TomcatWebServer  : Tomcat initialized with port 8080 (http)
2026-02-05T14:30:57.515+05:30  INFO 1303 --- [POS] [           main] o.apache.catalina.core.StandardService   : Starting service [Tomcat]
2026-02-05T14:30:57.515+05:30  INFO 1303 --- [POS] [           main] o.apache.catalina.core.StandardEngine    : Starting Servlet engine: [Apache Tomcat/10.1.19]
2026-02-05T14:30:57.552+05:30  INFO 1303 --- [POS] [           main] o.a.c.c.C.[Tomcat].[localhost].[/]       : Initializing Spring embedded WebApplicationContext
2026-02-05T14:30:57.556+05:30  INFO 1303 --- [POS] [           main] w.s.c.ServletWebServerApplicationContext : Root WebApplicationContext: initialization completed in 843 ms
Standard Commons Logging discovery in action with spring-jcl: please remove commons-logging.jar from classpath in order to avoid potential conflicts
2026-02-05T14:30:57.642+05:30  INFO 1303 --- [POS] [           main] org.mongodb.driver.client                : MongoClient with metadata {"driver": {"name": "mongo-java-driver|sync|spring-boot", "version": "4.11.1"}, "os": {"type": "Darwin", "name": "Mac OS X", "architecture": "aarch64", "version": "26.2"}, "platform": "Java/Eclipse Adoptium/21.0.9+10-LTS"} created with settings MongoClientSettings{readPreference=primary, writeConcern=WriteConcern{w=null, wTimeout=null ms, journal=null}, retryWrites=true, retryReads=true, readConcern=ReadConcern{level=null}, credential=null, transportSettings=null, streamFactoryFactory=null, commandListeners=[], codecRegistry=ProvidersCodecRegistry{codecProviders=[ValueCodecProvider{}, BsonValueCodecProvider{}, DBRefCodecProvider{}, DBObjectCodecProvider{}, DocumentCodecProvider{}, CollectionCodecProvider{}, IterableCodecProvider{}, MapCodecProvider{}, GeoJsonCodecProvider{}, GridFSFileCodecProvider{}, Jsr310CodecProvider{}, JsonObjectCodecProvider{}, BsonCodecProvider{}, EnumCodecProvider{}, com.mongodb.client.model.mql.ExpressionCodecProvider@7634f2b, com.mongodb.Jep395RecordCodecProvider@1d15c0a1, com.mongodb.KotlinCodecProvider@15639d09]}, loggerSettings=LoggerSettings{maxDocumentLength=1000}, clusterSettings={hosts=[localhost:27017], srvServiceName=mongodb, mode=SINGLE, requiredClusterType=UNKNOWN, requiredReplicaSetName='null', serverSelector='null', clusterListeners='[]', serverSelectionTimeout='30000 ms', localThreshold='15 ms'}, socketSettings=SocketSettings{connectTimeoutMS=10000, readTimeoutMS=0, receiveBufferSize=0, proxySettings=ProxySettings{host=null, port=null, username=null, password=null}}, heartbeatSocketSettings=SocketSettings{connectTimeoutMS=10000, readTimeoutMS=10000, receiveBufferSize=0, proxySettings=ProxySettings{host=null, port=null, username=null, password=null}}, connectionPoolSettings=ConnectionPoolSettings{maxSize=100, minSize=0, maxWaitTimeMS=120000, maxConnectionLifeTimeMS=0, maxConnectionIdleTimeMS=0, maintenanceInitialDelayMS=0, maintenanceFrequencyMS=60000, connectionPoolListeners=[], maxConnecting=2}, serverSettings=ServerSettings{heartbeatFrequencyMS=10000, minHeartbeatFrequencyMS=500, serverListeners='[]', serverMonitorListeners='[]'}, sslSettings=SslSettings{enabled=false, invalidHostNameAllowed=false, context=null}, applicationName='null', compressorList=[], uuidRepresentation=JAVA_LEGACY, serverApi=null, autoEncryptionSettings=null, dnsClient=null, inetAddressResolver=null, contextProvider=null}
2026-02-05T14:30:57.680+05:30  INFO 1303 --- [POS] [localhost:27017] org.mongodb.driver.cluster               : Monitor thread successfully connected to server with description ServerDescription{address=localhost:27017, type=STANDALONE, state=CONNECTED, ok=true, minWireVersion=0, maxWireVersion=21, maxDocumentSize=16777216, logicalSessionTimeoutMinutes=30, roundTripTimeNanos=23094583}
2026-02-05T14:30:58.108+05:30  WARN 1303 --- [POS] [           main] .s.s.UserDetailsServiceAutoConfiguration : 

Using generated security password: bca0d05f-e4d8-4041-9f75-ad72f6499ff8

This generated password is for development use only. Your security configuration must be updated before running your application in production.

2026-02-05T14:30:58.304+05:30  INFO 1303 --- [POS] [           main] o.s.s.web.DefaultSecurityFilterChain     : Will secure any request with [org.springframework.security.web.session.DisableEncodeUrlFilter@563843f1, org.springframework.security.web.context.request.async.WebAsyncManagerIntegrationFilter@38cb1606, org.springframework.security.web.context.SecurityContextHolderFilter@6fd7aba8, org.springframework.security.web.header.HeaderWriterFilter@1308ef19, org.springframework.web.filter.CorsFilter@61c4cebd, org.springframework.security.web.authentication.logout.LogoutFilter@553fbe94, com.increff.pos.config.TokenAuthenticationFilter@2f8c4fae, org.springframework.security.web.savedrequest.RequestCacheAwareFilter@3ce7490a, org.springframework.security.web.servletapi.SecurityContextHolderAwareRequestFilter@4768b95c, org.springframework.security.web.authentication.AnonymousAuthenticationFilter@655909e2, org.springframework.security.web.session.SessionManagementFilter@4468fda8, org.springframework.security.web.access.ExceptionTranslationFilter@6a2badb1, org.springframework.security.web.access.intercept.AuthorizationFilter@1c0e4262]
2026-02-05T14:30:58.467+05:30  INFO 1303 --- [POS] [           main] o.s.b.w.embedded.tomcat.TomcatWebServer  : Tomcat started on port 8080 (http) with context path ''
2026-02-05T14:30:58.478+05:30  INFO 1303 --- [POS] [           main] com.increff.pos.config.SpringConfig      : Started SpringConfig in 2.02 seconds (process running for 2.218)
2026-02-05T14:40:54.976+05:30  INFO 1303 --- [POS] [nio-8080-exec-1] o.a.c.c.C.[Tomcat].[localhost].[/]       : Initializing Spring DispatcherServlet 'dispatcherServlet'
2026-02-05T14:40:54.978+05:30  INFO 1303 --- [POS] [nio-8080-exec-1] o.s.web.servlet.DispatcherServlet        : Initializing Servlet 'dispatcherServlet'
2026-02-05T14:40:54.980+05:30  INFO 1303 --- [POS] [nio-8080-exec-1] o.s.web.servlet.DispatcherServlet        : Completed initialization in 2 ms
